Build started 4/16/2019 12:20:14 AM.
     1>Project "O:\iShit\Project Updated Work\Kick IT\iGraphics Project\iGraphics Project.vcxproj" on node 2 (build target(s)).
     1>InitializeBuildStatus:
         Creating "Debug\iGraphics Project.unsuccessfulbuild" because "AlwaysCreate" was specified.
       ClCompile:
         O:\Program Files (x86)\Microsoft Visual Studio 10.0\VC\bin\CL.exe /c /ZI /nologo /W3 /WX- /Od /Oy- /D _MBCS /Gm /EHsc /RTC1 /MDd /GS /fp:precise /Zc:wchar_t /Zc:forScope /Fo"Debug\\" /Fd"Debug\vc100.pdb" /Gd /TP /analyze- /errorReport:prompt kickit.cpp
         kickit.cpp
     1>o:\ishit\project updated work\kick it\igraphics project\kickit.cpp(48): warning C4996: 'fopen': This function or variable may be unsafe. Consider using fopen_s instead. To disable deprecation, use _CRT_SECURE_NO_WARNINGS. See online help for details.
                 o:\program files (x86)\microsoft visual studio 10.0\vc\include\stdio.h(234) : see declaration of 'fopen'
     1>o:\ishit\project updated work\kick it\igraphics project\kickit.cpp(63): warning C4996: 'fopen': This function or variable may be unsafe. Consider using fopen_s instead. To disable deprecation, use _CRT_SECURE_NO_WARNINGS. See online help for details.
                 o:\program files (x86)\microsoft visual studio 10.0\vc\include\stdio.h(234) : see declaration of 'fopen'
     1>o:\ishit\project updated work\kick it\igraphics project\kickit.cpp(72): warning C4996: 'strcpy': This function or variable may be unsafe. Consider using strcpy_s instead. To disable deprecation, use _CRT_SECURE_NO_WARNINGS. See online help for details.
                 o:\program files (x86)\microsoft visual studio 10.0\vc\include\string.h(105) : see declaration of 'strcpy'
     1>o:\ishit\project updated work\kick it\igraphics project\kickit.cpp(95): warning C4996: 'strcpy': This function or variable may be unsafe. Consider using strcpy_s instead. To disable deprecation, use _CRT_SECURE_NO_WARNINGS. See online help for details.
                 o:\program files (x86)\microsoft visual studio 10.0\vc\include\string.h(105) : see declaration of 'strcpy'
     1>o:\ishit\project updated work\kick it\igraphics project\kickit.cpp(96): warning C4996: 'strcpy': This function or variable may be unsafe. Consider using strcpy_s instead. To disable deprecation, use _CRT_SECURE_NO_WARNINGS. See online help for details.
                 o:\program files (x86)\microsoft visual studio 10.0\vc\include\string.h(105) : see declaration of 'strcpy'
     1>o:\ishit\project updated work\kick it\igraphics project\kickit.cpp(97): warning C4996: 'strcpy': This function or variable may be unsafe. Consider using strcpy_s instead. To disable deprecation, use _CRT_SECURE_NO_WARNINGS. See online help for details.
                 o:\program files (x86)\microsoft visual studio 10.0\vc\include\string.h(105) : see declaration of 'strcpy'
     1>o:\ishit\project updated work\kick it\igraphics project\kickit.cpp(114): warning C4996: '_itoa': This function or variable may be unsafe. Consider using _itoa_s instead. To disable deprecation, use _CRT_SECURE_NO_WARNINGS. See online help for details.
                 o:\program files (x86)\microsoft visual studio 10.0\vc\include\stdlib.h(451) : see declaration of '_itoa'
       Link:
         O:\Program Files (x86)\Microsoft Visual Studio 10.0\VC\bin\link.exe /ERRORREPORT:PROMPT /OUT:"O:\iShit\Project Updated Work\Kick IT\Debug\iGraphics Project.exe" /NOLOGO kernel32.lib user32.lib gdi32.lib winspool.lib comdlg32.lib advapi32.lib shell32.lib ole32.lib oleaut32.lib uuid.lib odbc32.lib odbccp32.lib /MANIFEST /ManifestFile:"Debug\iGraphics Project.exe.intermediate.manifest" /MANIFESTUAC:"level='asInvoker' uiAccess='false'" /DEBUG /PDB:"O:\iShit\Project Updated Work\Kick IT\Debug\iGraphics Project.pdb" /TLBID:1 /DYNAMICBASE /NXCOMPAT /IMPLIB:"O:\iShit\Project Updated Work\Kick IT\Debug\iGraphics Project.lib" /MACHINE:X86 Debug\kickit.obj
         LINK : O:\iShit\Project Updated Work\Kick IT\Debug\iGraphics Project.exe not found or not built by the last incremental link; performing full link
         iGraphics Project.vcxproj -> O:\iShit\Project Updated Work\Kick IT\Debug\iGraphics Project.exe
       Manifest:
         C:\Program Files (x86)\Microsoft SDKs\Windows\v7.0A\bin\mt.exe /nologo /verbose /outputresource:"O:\iShit\Project Updated Work\Kick IT\Debug\iGraphics Project.exe;#1" /manifest "Debug\iGraphics Project.exe.intermediate.manifest"
       FinalizeBuildStatus:
         Deleting file "Debug\iGraphics Project.unsuccessfulbuild".
         Touching "Debug\iGraphics Project.lastbuildstate".
     1>Done Building Project "O:\iShit\Project Updated Work\Kick IT\iGraphics Project\iGraphics Project.vcxproj" (build target(s)).

Build succeeded.

Time Elapsed 00:00:06.30
